2019-10-23 14:26:23,186 Iniciando o tutorial
2019-10-23 14:26:23,187 Uma informação
2019-10-23 14:26:23,187 Um aviso
2019-10-23 14:26:23,188 Dividir zero por zero dá ruim
2019-10-23 14:26:23,188 Acabou o café
2019-10-23 14:26:23,188 Iniciando a funcao main
2019-10-23 14:26:23,188 Iniciando a funcao clean_repos
2019-10-23 14:26:23,189 Nome do diretorio: repo20191023_1426
2019-10-23 14:26:23,189 Iniciando a funcao create_files
2019-10-23 14:44:54,370 Iniciando o tutorial
2019-10-23 14:44:54,370 Uma informação
2019-10-23 14:44:54,370 Um aviso
2019-10-23 14:44:54,370 Dividir zero por zero dá ruim
2019-10-23 14:44:54,370 Acabou o café
2019-10-23 14:44:54,371 Iniciando a funcao main
2019-10-23 14:44:54,371 Iniciando a funcao clean_repos
2019-10-23 14:44:54,385 Nome do diretorio: repo20191023_1444
2019-10-23 14:44:54,385 Iniciando a funcao create_files
2019-10-23 15:18:30,418 Iniciando o tutorial
2019-10-23 15:18:30,423 Uma informação
2019-10-23 15:18:30,424 Um aviso
2019-10-23 15:18:30,424 Dividir zero por zero dá ruim
2019-10-23 15:18:30,425 Acabou o café
2019-10-23 15:18:30,426 Iniciando a funcao main
2019-10-23 15:18:30,426 Iniciando a funcao clean_repos
2019-10-23 15:18:30,459 Nome do diretorio: repo20191023_1518
2019-10-23 15:18:30,460 Iniciando a funcao create_files
2019-10-23 15:18:30,460 Arquivo nao encontrado. Criando arquivo
2019-10-23 15:18:30,461 Arquivo nao encontrado. Criando arquivo
2019-10-23 15:18:30,461 Arquivo nao encontrado. Criando arquivo
2019-10-23 15:18:30,461 Arquivo nao encontrado. Criando arquivo
2019-10-23 15:18:30,462 Arquivo nao encontrado. Criando arquivo
2019-10-23 15:18:30,462 Arquivo nao encontrado. Criando arquivo
2019-10-23 15:18:30,462 Arquivo nao encontrado. Criando arquivo
2019-10-23 15:18:30,463 Arquivo nao encontrado. Criando arquivo
2019-10-23 15:18:30,463 Arquivo nao encontrado. Criando arquivo
2019-10-23 15:18:30,463 Arquivo nao encontrado. Criando arquivo
2019-10-23 15:18:30,464 Arquivo nao encontrado. Criando arquivo
2019-10-23 15:18:30,464 Arquivo nao encontrado. Criando arquivo
2019-10-23 15:18:30,465 Arquivo nao encontrado. Criando arquivo
2019-10-23 15:18:30,465 Arquivo nao encontrado. Criando arquivo
2019-10-23 15:18:30,466 Arquivo nao encontrado. Criando arquivo
2019-10-23 15:18:30,466 Arquivo nao encontrado. Criando arquivo
2019-10-23 15:18:30,467 Arquivo nao encontrado. Criando arquivo
2019-10-23 15:18:30,467 Arquivo nao encontrado. Criando arquivo
2019-10-23 15:18:30,468 Arquivo nao encontrado. Criando arquivo
2019-10-23 15:18:30,468 Arquivo nao encontrado. Criando arquivo
2019-10-23 15:18:30,469 Arquivo nao encontrado. Criando arquivo
2019-10-23 15:18:30,469 Arquivo nao encontrado. Criando arquivo
2019-10-23 15:18:30,469 Arquivo nao encontrado. Criando arquivo
2019-10-23 15:18:30,470 Arquivo nao encontrado. Criando arquivo
2019-10-23 15:18:30,470 Arquivo nao encontrado. Criando arquivo
2019-10-23 15:18:30,470 Arquivo nao encontrado. Criando arquivo
2019-10-23 15:18:30,471 Arquivo nao encontrado. Criando arquivo
2019-10-23 15:18:30,471 Arquivo nao encontrado. Criando arquivo
2019-10-23 15:18:30,471 Arquivo nao encontrado. Criando arquivo
2019-10-23 15:18:30,471 Arquivo nao encontrado. Criando arquivo
2019-10-23 15:18:30,472 Arquivo nao encontrado. Criando arquivo
2019-10-23 15:18:30,472 Arquivo nao encontrado. Criando arquivo
2019-10-23 15:18:30,472 Arquivo nao encontrado. Criando arquivo
2019-10-23 15:18:30,472 Arquivo nao encontrado. Criando arquivo
2019-10-23 15:18:30,473 Arquivo nao encontrado. Criando arquivo
2019-10-23 15:18:30,473 Arquivo nao encontrado. Criando arquivo
2019-10-23 15:18:30,473 Arquivo nao encontrado. Criando arquivo
2019-10-23 15:18:30,473 Arquivo nao encontrado. Criando arquivo
2019-10-23 15:18:30,474 Arquivo nao encontrado. Criando arquivo
2019-10-23 15:18:30,474 Arquivo nao encontrado. Criando arquivo
2019-10-23 15:18:30,474 Arquivo nao encontrado. Criando arquivo
2019-10-23 15:18:30,474 Arquivo nao encontrado. Criando arquivo
2019-10-23 15:18:30,475 Arquivo nao encontrado. Criando arquivo
2019-10-23 15:18:30,475 Arquivo nao encontrado. Criando arquivo
2019-10-23 15:18:30,475 Arquivo nao encontrado. Criando arquivo
2019-10-23 15:18:30,476 Arquivo nao encontrado. Criando arquivo
2019-10-23 15:18:30,476 Arquivo nao encontrado. Criando arquivo
2019-10-23 15:18:30,476 Arquivo nao encontrado. Criando arquivo
2019-10-23 15:18:30,476 Arquivo nao encontrado. Criando arquivo
2019-10-23 15:18:30,476 Arquivo nao encontrado. Criando arquivo
2019-10-23 15:18:30,477 Arquivo nao encontrado. Criando arquivo
2019-10-23 15:18:30,477 Arquivo nao encontrado. Criando arquivo
2019-10-23 15:18:30,477 Arquivo nao encontrado. Criando arquivo
2019-10-23 15:18:30,477 Arquivo nao encontrado. Criando arquivo
2019-10-23 15:18:30,477 Arquivo nao encontrado. Criando arquivo
2019-10-23 15:18:30,478 Arquivo nao encontrado. Criando arquivo
2019-10-23 15:18:30,478 Arquivo nao encontrado. Criando arquivo
2019-10-23 15:18:30,478 Arquivo nao encontrado. Criando arquivo
2019-10-23 15:18:30,478 Arquivo nao encontrado. Criando arquivo
2019-10-23 15:18:30,478 Arquivo nao encontrado. Criando arquivo
2019-10-23 15:18:30,479 Arquivo nao encontrado. Criando arquivo
2019-10-23 15:18:30,479 Arquivo nao encontrado. Criando arquivo
2019-10-23 15:18:30,479 Arquivo nao encontrado. Criando arquivo
2019-10-23 15:18:30,479 Arquivo nao encontrado. Criando arquivo
2019-10-23 15:18:30,479 Arquivo nao encontrado. Criando arquivo
2019-10-23 15:18:30,480 Arquivo nao encontrado. Criando arquivo
2019-10-23 15:18:30,480 Arquivo nao encontrado. Criando arquivo
2019-10-23 15:18:30,480 Arquivo nao encontrado. Criando arquivo
2019-10-23 15:18:30,481 Arquivo nao encontrado. Criando arquivo
2019-10-23 15:18:30,481 Arquivo nao encontrado. Criando arquivo
2019-10-23 15:18:30,482 Arquivo nao encontrado. Criando arquivo
2019-10-23 15:18:30,482 Arquivo nao encontrado. Criando arquivo
2019-10-23 15:18:30,482 Arquivo nao encontrado. Criando arquivo
2019-10-23 15:18:30,482 Arquivo nao encontrado. Criando arquivo
2019-10-23 15:18:30,483 Arquivo nao encontrado. Criando arquivo
2019-10-23 15:18:30,483 Arquivo nao encontrado. Criando arquivo
2019-10-23 15:18:30,483 Arquivo nao encontrado. Criando arquivo
2019-10-23 15:18:30,484 Arquivo nao encontrado. Criando arquivo
2019-10-23 15:18:30,484 Arquivo nao encontrado. Criando arquivo
2019-10-23 15:18:30,485 Arquivo nao encontrado. Criando arquivo
2019-10-23 15:18:30,485 Arquivo nao encontrado. Criando arquivo
2019-10-23 15:18:30,485 Arquivo nao encontrado. Criando arquivo
2019-10-23 15:18:30,486 Arquivo nao encontrado. Criando arquivo
2019-10-23 15:18:30,486 Arquivo nao encontrado. Criando arquivo
2019-10-23 15:18:30,486 Arquivo nao encontrado. Criando arquivo
2019-10-23 15:18:30,486 Arquivo nao encontrado. Criando arquivo
2019-10-23 15:18:30,486 Arquivo nao encontrado. Criando arquivo
2019-10-23 15:18:30,487 Arquivo nao encontrado. Criando arquivo
2019-10-23 15:18:30,487 Arquivo nao encontrado. Criando arquivo
2019-10-23 15:18:30,487 Arquivo nao encontrado. Criando arquivo
2019-10-23 15:18:30,487 Arquivo nao encontrado. Criando arquivo
2019-10-23 15:18:30,487 Arquivo nao encontrado. Criando arquivo
2019-10-23 15:18:30,487 Arquivo nao encontrado. Criando arquivo
2019-10-23 15:18:30,488 Arquivo nao encontrado. Criando arquivo
2019-10-23 15:18:30,488 Arquivo nao encontrado. Criando arquivo
2019-10-23 15:18:30,488 Arquivo nao encontrado. Criando arquivo
2019-10-23 15:18:30,488 Arquivo nao encontrado. Criando arquivo
2019-10-23 15:18:30,488 Arquivo nao encontrado. Criando arquivo
2019-10-23 15:18:30,488 Arquivo nao encontrado. Criando arquivo
2019-10-23 15:18:30,489 Arquivo nao encontrado. Criando arquivo
